0 info it worked if it ends with ok
1 verbose cli [ 'D:\\nodejs\\\\node.exe',
1 verbose cli   'D:\\nodejs\\node_modules\\npm\\bin\\npm-cli.js',
1 verbose cli   'install',
1 verbose cli   '-g',
1 verbose cli   'node-gyp' ]
2 info using npm@1.4.28
3 info using node@v0.10.35
4 verbose node symlink D:\nodejs\\node.exe
5 verbose cache add [ 'node-gyp', null ]
6 verbose cache add name=undefined spec="node-gyp" args=["node-gyp",null]
7 verbose parsed url { protocol: null,
7 verbose parsed url   slashes: null,
7 verbose parsed url   auth: null,
7 verbose parsed url   host: null,
7 verbose parsed url   port: null,
7 verbose parsed url   hostname: null,
7 verbose parsed url   hash: null,
7 verbose parsed url   search: null,
7 verbose parsed url   query: null,
7 verbose parsed url   pathname: 'node-gyp',
7 verbose parsed url   path: 'node-gyp',
7 verbose parsed url   href: 'node-gyp' }
8 silly lockFile 54062583-node-gyp node-gyp
9 verbose lock node-gyp C:\Users\brian\AppData\Roaming\npm-cache\54062583-node-gyp.lock
10 silly lockFile 54062583-node-gyp node-gyp
11 silly lockFile 54062583-node-gyp node-gyp
12 verbose addNamed [ 'node-gyp', '' ]
13 verbose addNamed [ null, '*' ]
14 silly lockFile c0cd6589-node-gyp node-gyp@
15 verbose lock node-gyp@ C:\Users\brian\AppData\Roaming\npm-cache\c0cd6589-node-gyp.lock
16 silly addNameRange { name: 'node-gyp', range: '*', hasData: false }
17 verbose request where is /dist/node-gyp
18 verbose request registry http://nodejs.org/
19 verbose request id 2d5329eba4f885a5
20 verbose url raw /dist/node-gyp
21 verbose url resolving [ 'http://nodejs.org/', './dist/node-gyp' ]
22 verbose url resolved http://nodejs.org/dist/node-gyp
23 verbose request where is http://nodejs.org/dist/node-gyp
24 info trying registry request attempt 1 at 07:51:25
25 http GET http://nodejs.org/dist/node-gyp
26 info retry will retry, error on last attempt: Error: connect ECONNREFUSED
27 info trying registry request attempt 2 at 07:51:36
28 http GET http://nodejs.org/dist/node-gyp
29 info retry will retry, error on last attempt: Error: connect ECONNREFUSED
30 info trying registry request attempt 3 at 07:52:37
31 http GET http://nodejs.org/dist/node-gyp
32 silly lockFile c0cd6589-node-gyp node-gyp@
33 silly lockFile c0cd6589-node-gyp node-gyp@
34 error Error: connect ECONNREFUSED
34 error     at errnoException (net.js:905:11)
34 error     at Object.afterConnect [as oncomplete] (net.js:896:19)
34 error  { [Error: connect ECONNREFUSED]
34 error   code: 'ECONNREFUSED',
34 error   errno: 'ECONNREFUSED',
34 error   syscall: 'connect' }
35 error If you are behind a proxy, please make sure that the
35 error 'proxy' config is set properly.  See: 'npm help config'
36 error System Windows_NT 6.1.7601
37 error command "D:\\nodejs\\\\node.exe" "D:\\nodejs\\node_modules\\npm\\bin\\npm-cli.js" "install" "-g" "node-gyp"
38 error cwd C:\Users\brian\Downloads\51anygo
39 error node -v v0.10.35
40 error npm -v 1.4.28
41 error syscall connect
42 error code ECONNREFUSED
43 error errno ECONNREFUSED
44 error stack Error: connect ECONNREFUSED
44 error stack     at errnoException (net.js:905:11)
44 error stack     at Object.afterConnect [as oncomplete] (net.js:896:19)
45 verbose exit [ 1, true ]
